Jun 15 04:06:18 combo su(pam_unix)[21416]: session opened for user cyrus by (uid=0)
Jun 15 04:06:19 combo su(pam_unix)[21416]: session closed for user cyrus
Jun 15 04:12:42 combo su(pam_unix)[22644]: session opened for user news by (uid=0)
Jun 15 04:12:43 combo su(pam_unix)[22644]: session closed for user news
Jun 16 04:10:22 combo su(pam_unix)[25178]: session opened for user cyrus by (uid=0)
Jun 16 04:10:23 combo su(pam_unix)[25178]: session closed for user cyrus
Jun 16 04:16:17 combo su(pam_unix)[25548]: session opened for user news by (uid=0)
Jun 16 04:16:18 combo su(pam_unix)[25548]: session closed for user news
Jun 17 04:03:33 combo su(pam_unix)[27953]: session opened for user cyrus by (uid=0)
Jun 17 04:03:34 combo su(pam_unix)[27953]: session closed for user cyrus
Jun 17 04:09:43 combo su(pam_unix)[29190]: session opened for user news by (uid=0)
Jun 17 04:09:45 combo su(pam_unix)[29190]: session closed for user news
Jun 17 20:29:26 combo sshd(pam_unix)[30631]: session opened for user test by (uid=509)
Jun 17 20:34:57 combo sshd(pam_unix)[30631]: session closed for user test
Jun 18 04:07:05 combo su(pam_unix)[31791]: session opened for user cyrus by (uid=0)
Jun 18 04:07:06 combo su(pam_unix)[31791]: session closed for user cyrus
Jun 18 04:12:42 combo su(pam_unix)[32164]: session opened for user news by (uid=0)
Jun 18 04:12:43 combo su(pam_unix)[32164]: session closed for user news
Jun 19 04:08:55 combo su(pam_unix)[2192]: session opened for user cyrus by (uid=0)
Jun 19 04:08:55 combo su(pam_unix)[2192]: session closed for user cyrus
Jun 19 04:15:18 combo su(pam_unix)[3676]: session opened for user news by (uid=0)
Jun 19 04:15:18 combo su(pam_unix)[3676]: session closed for user news
Jun 20 04:02:54 combo su(pam_unix)[9187]: session opened for user cyrus by (uid=0)
Jun 20 04:02:54 combo su(pam_unix)[9187]: session closed for user cyrus
Jun 20 04:08:37 combo su(pam_unix)[9558]: session opened for user news by (uid=0)
Jun 20 04:08:38 combo su(pam_unix)[9558]: session closed for user news
Jun 21 04:06:57 combo su(pam_unix)[12098]: session opened for user cyrus by (uid=0)
Jun 21 04:06:58 combo su(pam_unix)[12098]: session closed for user cyrus
Jun 21 04:13:03 combo su(pam_unix)[13327]: session opened for user news by (uid=0)
Jun 21 04:13:04 combo su(pam_unix)[13327]: session closed for user news
Jun 22 04:05:58 combo su(pam_unix)[16663]: session opened for user cyrus by (uid=0)
Jun 22 04:05:59 combo su(pam_unix)[16663]: session closed for user cyrus
Jun 22 04:11:42 combo su(pam_unix)[17037]: session opened for user news by (uid=0)
Jun 22 04:11:42 combo su(pam_unix)[17037]: session closed for user news
Jun 23 04:05:28 combo su(pam_unix)[19534]: session opened for user cyrus by (uid=0)
Jun 23 04:05:29 combo su(pam_unix)[19534]: session closed for user cyrus
Jun 23 04:13:08 combo su(pam_unix)[24180]: session opened for user news by (uid=0)
Jun 23 04:13:09 combo su(pam_unix)[24180]: session closed for user news
Jun 24 04:05:34 combo su(pam_unix)[26938]: session opened for user cyrus by (uid=0)
Jun 24 04:05:35 combo su(pam_unix)[26938]: session closed for user cyrus
Jun 24 04:11:12 combo su(pam_unix)[27311]: session opened for user news by (uid=0)
Jun 24 04:11:12 combo su(pam_unix)[27311]: session closed for user news
Jun 25 04:04:25 combo su(pam_unix)[29690]: session opened for user cyrus by (uid=0)
Jun 25 04:04:25 combo su(pam_unix)[29690]: session closed for user cyrus
Jun 25 04:10:34 combo su(pam_unix)[30934]: session opened for user news by (uid=0)
Jun 25 04:10:35 combo su(pam_unix)[30934]: session closed for user news
Jun 26 04:04:17 combo su(pam_unix)[945]: session opened for user cyrus by (uid=0)
Jun 26 04:04:17 combo su(pam_unix)[945]: session closed for user cyrus
Jun 26 04:10:02 combo su(pam_unix)[1546]: session opened for user news by (uid=0)
Jun 26 04:10:04 combo su(pam_unix)[1546]: session closed for user news
Jun 27 04:02:47 combo su(pam_unix)[7031]: session opened for user cyrus by (uid=0)
Jun 27 04:02:48 combo su(pam_unix)[7031]: session closed for user cyrus
Jun 27 04:08:56 combo su(pam_unix)[8269]: session opened for user news by (uid=0)
Jun 27 04:08:57 combo su(pam_unix)[8269]: session closed for user news
Jun 28 04:03:15 combo su(pam_unix)[10735]: session opened for user cyrus by (uid=0)
Jun 28 04:03:16 combo su(pam_unix)[10735]: session closed for user cyrus
Jun 28 04:09:00 combo su(pam_unix)[11106]: session opened for user news by (uid=0)
Jun 28 04:09:01 combo su(pam_unix)[11106]: session closed for user news
Jun 29 04:03:10 combo su(pam_unix)[13665]: session opened for user cyrus by (uid=0)
Jun 29 04:03:11 combo su(pam_unix)[13665]: session closed for user cyrus
Jun 29 04:09:29 combo su(pam_unix)[14891]: session opened for user news by (uid=0)
Jun 29 04:09:30 combo su(pam_unix)[14891]: session closed for user news
Jun 30 04:03:41 combo su(pam_unix)[17407]: session opened for user cyrus by (uid=0)
Jun 30 04:03:42 combo su(pam_unix)[17407]: session closed for user cyrus
Jun 30 04:09:30 combo su(pam_unix)[17778]: session opened for user news by (uid=0)
Jun 30 04:09:31 combo su(pam_unix)[17778]: session closed for user news
Jun 30 22:16:32 combo sshd(pam_unix)[19432]: session opened for user test by (uid=509)
Jun 30 22:16:32 combo sshd(pam_unix)[19431]: session opened for user test by (uid=509)
Jun 30 22:16:32 combo sshd(pam_unix)[19433]: session opened for user test by (uid=509)
Jun 30 22:16:32 combo sshd(pam_unix)[19434]: session opened for user test by (uid=509)
Jun 30 22:16:32 combo sshd(pam_unix)[19435]: session opened for user test by (uid=509)
Jun 30 22:16:32 combo sshd(pam_unix)[19436]: session opened for user test by (uid=509)
Jun 30 22:16:32 combo sshd(pam_unix)[19438]: session opened for user test by (uid=509)
Jun 30 22:16:32 combo sshd(pam_unix)[19437]: session opened for user test by (uid=509)
Jun 30 22:16:32 combo sshd(pam_unix)[19432]: session closed for user test
Jun 30 22:16:32 combo sshd(pam_unix)[19431]: session closed for user test
Jun 30 22:16:32 combo sshd(pam_unix)[19439]: session opened for user test by (uid=509)
Jun 30 22:16:32 combo sshd(pam_unix)[19440]: session opened for user test by (uid=509)
Jun 30 22:16:32 combo sshd(pam_unix)[19434]: session closed for user test
Jun 30 22:16:32 combo sshd(pam_unix)[19435]: session closed for user test
Jun 30 22:16:33 combo sshd(pam_unix)[19433]: session closed for user test
Jun 30 22:16:33 combo sshd(pam_unix)[19436]: session closed for user test
Jun 30 22:16:33 combo sshd(pam_unix)[19437]: session closed for user test
Jun 30 22:16:33 combo sshd(pam_unix)[19438]: session closed for user test
Jun 30 22:16:33 combo sshd(pam_unix)[19439]: session closed for user test
Jun 30 22:16:33 combo sshd(pam_unix)[19440]: session closed for user test
Jul  1 04:05:17 combo su(pam_unix)[20298]: session opened for user cyrus by (uid=0)
Jul  1 04:05:18 combo su(pam_unix)[20298]: session closed for user cyrus
Jul  1 04:11:35 combo su(pam_unix)[21530]: session opened for user news by (uid=0)
Jul  1 04:11:36 combo su(pam_unix)[21530]: session closed for user news
Jul  1 05:02:26 combo sshd(pam_unix)[21689]: session opened for user test by (uid=509)
Jul  1 05:02:26 combo sshd(pam_unix)[21689]: session closed for user test
Jul  1 05:02:26 combo sshd(pam_unix)[21691]: session opened for user test by (uid=509)
Jul  1 05:02:26 combo sshd(pam_unix)[21691]: session closed for user test
Jul  1 05:02:26 combo sshd(pam_unix)[21692]: session opened for user test by (uid=509)
Jul  1 05:02:26 combo sshd(pam_unix)[21692]: session closed for user test
Jul  1 05:02:27 combo sshd(pam_unix)[21693]: session opened for user test by (uid=509)
Jul  1 05:02:27 combo sshd(pam_unix)[21693]: session closed for user test
Jul  1 09:14:43 combo sshd(pam_unix)[22099]: session opened for user test by (uid=509)
Jul  1 09:14:43 combo sshd(pam_unix)[22104]: session opened for user test by (uid=509)
Jul  1 09:14:43 combo sshd(pam_unix)[22104]: session closed for user test
Jul  1 09:14:43 combo sshd(pam_unix)[22106]: session opened for user test by (uid=509)
Jul  1 09:14:44 combo sshd(pam_unix)[22099]: session closed for user test
Jul  1 09:14:44 combo sshd(pam_unix)[22112]: session opened for user test by (uid=509)
Jul  1 09:14:44 combo sshd(pam_unix)[22106]: session closed for user test
Jul  1 09:14:44 combo sshd(pam_unix)[22112]: session closed for user test
Jul  2 01:41:32 combo sshd(pam_unix)[23533]: session opened for user test by (uid=509)
Jul  2 01:41:32 combo sshd(pam_unix)[23534]: session opened for user test by (uid=509)
Jul  2 01:41:32 combo sshd(pam_unix)[23535]: session opened for user test by (uid=509)
Jul  2 01:41:32 combo sshd(pam_unix)[23536]: session opened for user test by (uid=509)
Jul  2 01:41:32 combo sshd(pam_unix)[23533]: session closed for user test
Jul  2 01:41:32 combo sshd(pam_unix)[23534]: session closed for user test
Jul  2 01:41:32 combo sshd(pam_unix)[23535]: session closed for user test
Jul  2 01:41:32 combo sshd(pam_unix)[23536]: session closed for user test
Jul  2 01:41:33 combo sshd(pam_unix)[23544]: session opened for user test by (uid=509)
Jul  2 01:41:33 combo sshd(pam_unix)[23544]: session closed for user test
Jul  2 01:41:33 combo sshd(pam_unix)[23545]: session opened for user test by (uid=509)
Jul  2 01:41:33 combo sshd(pam_unix)[23546]: session opened for user test by (uid=509)
Jul  2 01:41:33 combo sshd(pam_unix)[23547]: session opened for user test by (uid=509)
Jul  2 01:41:33 combo sshd(pam_unix)[23545]: session closed for user test
Jul  2 01:41:33 combo sshd(pam_unix)[23546]: session closed for user test
Jul  2 01:41:33 combo sshd(pam_unix)[23547]: session closed for user test
Jul  2 04:04:02 combo su(pam_unix)[24117]: session opened for user cyrus by (uid=0)
Jul  2 04:04:02 combo su(pam_unix)[24117]: session closed for user cyrus
Jul  2 04:09:53 combo su(pam_unix)[24511]: session opened for user news by (uid=0)
Jul  2 04:09:54 combo su(pam_unix)[24511]: session closed for user news
Jul  3 04:07:47 combo su(pam_unix)[26964]: session opened for user cyrus by (uid=0)
Jul  3 04:07:48 combo su(pam_unix)[26964]: session closed for user cyrus
Jul  3 04:14:00 combo su(pam_unix)[28416]: session opened for user news by (uid=0)
Jul  3 04:14:01 combo su(pam_unix)[28416]: session closed for user news
Jul  4 04:03:06 combo su(pam_unix)[1583]: session opened for user cyrus by (uid=0)
Jul  4 04:03:07 combo su(pam_unix)[1583]: session closed for user cyrus
Jul  4 04:08:48 combo su(pam_unix)[1965]: session opened for user news by (uid=0)
Jul  4 04:08:49 combo su(pam_unix)[1965]: session closed for user news
Jul  5 04:03:16 combo su(pam_unix)[4474]: session opened for user cyrus by (uid=0)
Jul  5 04:03:17 combo su(pam_unix)[4474]: session closed for user cyrus
Jul  5 04:09:29 combo su(pam_unix)[5699]: session opened for user news by (uid=0)
Jul  5 04:09:30 combo su(pam_unix)[5699]: session closed for user news
Jul  6 04:03:08 combo su(pam_unix)[8195]: session opened for user cyrus by (uid=0)
Jul  6 04:03:09 combo su(pam_unix)[8195]: session closed for user cyrus
Jul  6 04:08:43 combo su(pam_unix)[8565]: session opened for user news by (uid=0)
Jul  6 04:08:44 combo su(pam_unix)[8565]: session closed for user news
Jul  7 04:04:31 combo su(pam_unix)[10961]: session opened for user cyrus by (uid=0)
Jul  7 04:04:32 combo su(pam_unix)[10961]: session closed for user cyrus
Jul  7 04:10:44 combo su(pam_unix)[12193]: session opened for user news by (uid=0)
Jul  7 04:10:45 combo su(pam_unix)[12193]: session closed for user news
Jul  7 07:18:12 combo sshd(pam_unix)[12518]: session opened for user test by (uid=509)
Jul  7 07:18:12 combo sshd(pam_unix)[12519]: session opened for user test by (uid=509)
Jul  7 07:18:12 combo sshd(pam_unix)[12518]: session closed for user test
Jul  7 07:18:12 combo sshd(pam_unix)[12520]: session opened for user test by (uid=509)
Jul  7 07:18:12 combo sshd(pam_unix)[12520]: session closed for user test
Jul  7 07:18:12 combo sshd(pam_unix)[12519]: session closed for user test
Jul  7 07:18:13 combo sshd(pam_unix)[12524]: session opened for user test by (uid=509)
Jul  7 07:18:13 combo sshd(pam_unix)[12525]: session opened for user test by (uid=509)
Jul  7 07:18:13 combo sshd(pam_unix)[12524]: session closed for user test
Jul  7 07:18:13 combo sshd(pam_unix)[12527]: session opened for user test by (uid=509)
Jul  7 07:18:14 combo sshd(pam_unix)[12525]: session closed for user test
Jul  7 07:18:14 combo sshd(pam_unix)[12527]: session closed for user test
Jul  7 08:06:15 combo login(pam_unix)[2421]: session opened for user root by LOGIN(uid=0)
Jul  7 08:09:10 combo login(pam_unix)[2421]: session closed for user root
Jul  8 04:04:19 combo su(pam_unix)[14943]: session opened for user cyrus by (uid=0)
Jul  8 04:04:19 combo su(pam_unix)[14943]: session closed for user cyrus
Jul  8 04:12:07 combo su(pam_unix)[19593]: session opened for user news by (uid=0)
Jul  8 04:12:08 combo su(pam_unix)[19593]: session closed for user news
Jul  9 04:04:23 combo su(pam_unix)[21991]: session opened for user cyrus by (uid=0)
Jul  9 04:04:24 combo su(pam_unix)[21991]: session closed for user cyrus
Jul  9 04:10:11 combo su(pam_unix)[22368]: session opened for user news by (uid=0)
Jul  9 04:10:12 combo su(pam_unix)[22368]: session closed for user news
Jul 10 04:04:31 combo su(pam_unix)[24898]: session opened for user cyrus by (uid=0)
Jul 10 04:04:32 combo su(pam_unix)[24898]: session closed for user cyrus
Jul 10 04:10:47 combo su(pam_unix)[26353]: session opened for user news by (uid=0)
Jul 10 04:10:47 combo su(pam_unix)[26353]: session closed for user news
Jul 11 04:03:03 combo su(pam_unix)[32237]: session opened for user cyrus by (uid=0)
Jul 11 04:03:04 combo su(pam_unix)[32237]: session closed for user cyrus
Jul 11 04:08:37 combo su(pam_unix)[32608]: session opened for user news by (uid=0)
Jul 11 04:08:38 combo su(pam_unix)[32608]: session closed for user news
Jul 12 04:03:40 combo su(pam_unix)[2605]: session opened for user cyrus by (uid=0)
Jul 12 04:03:41 combo su(pam_unix)[2605]: session closed for user cyrus
Jul 12 04:09:49 combo su(pam_unix)[3833]: session opened for user news by (uid=0)
Jul 12 04:09:50 combo su(pam_unix)[3833]: session closed for user news
Jul 13 04:04:44 combo su(pam_unix)[6486]: session opened for user cyrus by (uid=0)
Jul 13 04:04:45 combo su(pam_unix)[6486]: session closed for user cyrus
Jul 13 04:10:41 combo su(pam_unix)[6863]: session opened for user news by (uid=0)
Jul 13 04:10:41 combo su(pam_unix)[6863]: session closed for user news
Jul 13 17:22:28 combo sshd(pam_unix)[8113]: session opened for user test by (uid=509)
Jul 13 17:22:28 combo sshd(pam_unix)[8114]: session opened for user test by (uid=509)
Jul 13 17:22:29 combo sshd(pam_unix)[8113]: session closed for user test
Jul 13 17:22:29 combo sshd(pam_unix)[8114]: session closed for user test
Jul 13 17:22:29 combo sshd(pam_unix)[8117]: session opened for user test by (uid=509)
Jul 13 17:22:29 combo sshd(pam_unix)[8117]: session closed for user test
Jul 14 04:08:24 combo su(pam_unix)[9355]: session opened for user cyrus by (uid=0)
Jul 14 04:08:25 combo su(pam_unix)[9355]: session closed for user cyrus
Jul 14 04:14:38 combo su(pam_unix)[10583]: session opened for user news by (uid=0)
Jul 14 04:14:39 combo su(pam_unix)[10583]: session closed for user news
Jul 15 04:05:02 combo su(pam_unix)[13238]: session opened for user cyrus by (uid=0)
Jul 15 04:05:02 combo su(pam_unix)[13238]: session closed for user cyrus
Jul 15 04:10:45 combo su(pam_unix)[13611]: session opened for user news by (uid=0)
Jul 15 04:10:46 combo su(pam_unix)[13611]: session closed for user news
Jul 16 04:07:32 combo su(pam_unix)[16058]: session opened for user cyrus by (uid=0)
Jul 16 04:07:33 combo su(pam_unix)[16058]: session closed for user cyrus
Jul 16 04:13:59 combo su(pam_unix)[17286]: session opened for user news by (uid=0)
Jul 16 04:14:00 combo su(pam_unix)[17286]: session closed for user news
Jul 17 04:08:08 combo su(pam_unix)[19686]: session opened for user cyrus by (uid=0)
Jul 17 04:08:09 combo su(pam_unix)[19686]: session closed for user cyrus
Jul 17 04:13:57 combo su(pam_unix)[20282]: session opened for user news by (uid=0)
Jul 17 04:13:58 combo su(pam_unix)[20282]: session closed for user news
Jul 18 04:03:24 combo su(pam_unix)[26046]: session opened for user cyrus by (uid=0)
Jul 18 04:03:24 combo su(pam_unix)[26046]: session closed for user cyrus
Jul 18 04:09:29 combo su(pam_unix)[27272]: session opened for user news by (uid=0)
Jul 18 04:09:30 combo su(pam_unix)[27272]: session closed for user news
Jul 19 04:03:43 combo su(pam_unix)[29758]: session opened for user cyrus by (uid=0)
Jul 19 04:03:44 combo su(pam_unix)[29758]: session closed for user cyrus
Jul 19 04:09:28 combo su(pam_unix)[30128]: session opened for user news by (uid=0)
Jul 19 04:09:29 combo su(pam_unix)[30128]: session closed for user news
Jul 20 04:05:02 combo su(pam_unix)[363]: session opened for user cyrus by (uid=0)
Jul 20 04:05:03 combo su(pam_unix)[363]: session closed for user cyrus
Jul 20 04:11:27 combo su(pam_unix)[1595]: session opened for user news by (uid=0)
Jul 20 04:11:28 combo su(pam_unix)[1595]: session closed for user news
Jul 21 04:11:26 combo su(pam_unix)[4170]: session opened for user cyrus by (uid=0)
Jul 21 04:11:27 combo su(pam_unix)[4170]: session closed for user cyrus
Jul 21 04:16:55 combo su(pam_unix)[4540]: session opened for user news by (uid=0)
Jul 21 04:16:55 combo su(pam_unix)[4540]: session closed for user news
Jul 22 04:07:46 combo su(pam_unix)[7106]: session opened for user cyrus by (uid=0)
Jul 22 04:07:47 combo su(pam_unix)[7106]: session closed for user cyrus
Jul 22 04:15:14 combo su(pam_unix)[11756]: session opened for user news by (uid=0)
Jul 22 04:15:14 combo su(pam_unix)[11756]: session closed for user news
Jul 23 04:09:35 combo su(pam_unix)[14314]: session opened for user cyrus by (uid=0)
Jul 23 04:09:36 combo su(pam_unix)[14314]: session closed for user cyrus
Jul 23 04:15:13 combo su(pam_unix)[14692]: session opened for user news by (uid=0)
Jul 23 04:15:13 combo su(pam_unix)[14692]: session closed for user news
Jul 24 04:20:19 combo su(pam_unix)[17283]: session opened for user cyrus by (uid=0)
Jul 24 04:20:19 combo su(pam_unix)[17283]: session closed for user cyrus
Jul 24 04:33:57 combo su(pam_unix)[21805]: session opened for user news by (uid=0)
Jul 24 04:33:58 combo su(pam_unix)[21805]: session closed for user news
Jul 25 04:03:58 combo su(pam_unix)[24312]: session opened for user cyrus by (uid=0)
Jul 25 04:03:59 combo su(pam_unix)[24312]: session closed for user cyrus
Jul 25 04:09:32 combo su(pam_unix)[24683]: session opened for user news by (uid=0)
Jul 25 04:09:33 combo su(pam_unix)[24683]: session closed for user news
Jul 26 04:05:22 combo su(pam_unix)[27285]: session opened for user cyrus by (uid=0)
Jul 26 04:05:23 combo su(pam_unix)[27285]: session closed for user cyrus
Jul 26 04:11:23 combo su(pam_unix)[28514]: session opened for user news by (uid=0)
Jul 26 04:11:23 combo su(pam_unix)[28514]: session closed for user news
Jul 27 04:16:07 combo su(pam_unix)[30999]: session opened for user cyrus by (uid=0)
Jul 27 04:16:08 combo su(pam_unix)[30999]: session closed for user cyrus
Jul 27 04:21:39 combo su(pam_unix)[31373]: session opened for user news by (uid=0)
Jul 27 04:21:40 combo su(pam_unix)[31373]: session closed for user news
